This file contains any messages produced by compilers while
running configure, to aid debugging if configure makes a mistake.

It was created by xdrfile configure 1.1b, which was
generated by GNU Autoconf 2.68.  Invocation command line was

  $ ./configure 

## --------- ##
## Platform. ##
## --------- ##

hostname = precision
uname -m = x86_64
uname -r = 4.15.0-1027-oem
uname -s = Linux
uname -v = #32-Ubuntu SMP Sat Nov 10 06:29:08 UTC 2018

/usr/bin/uname -p = unknown
/bin/uname -X     = unknown

/bin/arch              = unknown
/usr/bin/arch -k       = unknown
/usr/convex/getsysinfo = unknown
/usr/bin/hostinfo      = unknown
/bin/machine           = unknown
/usr/bin/oslevel       = unknown
/bin/universe          = unknown

PATH: /home/liuba/bin
PATH: /usr/local/sbin
PATH: /usr/local/bin
PATH: /usr/sbin
PATH: /usr/bin
PATH: /sbin
PATH: /bin
PATH: /usr/games
PATH: /usr/local/games
PATH: /snap/bin


## ----------- ##
## Core tests. ##
## ----------- ##

configure:2900: checking build system type
configure:2914: result: x86_64-unknown-linux-gnu
configure:2934: checking host system type
configure:2947: result: x86_64-unknown-linux-gnu
configure:2983: checking for a BSD-compatible install
configure:3051: result: /usr/bin/install -c
configure:3062: checking whether build environment is sane
configure:3099: result: yes
configure:3161: checking for gawk
configure:3191: result: no
configure:3161: checking for mawk
configure:3177: found /usr/bin/mawk
configure:3188: result: mawk
configure:3199: checking whether make sets $(MAKE)
configure:3221: result: yes
configure:3394: checking how to create a ustar tar archive
configure:3407: tar --version
tar (GNU tar) 1.29
Copyright (C) 2015 Free Software Foundation, Inc.
License GPLv3+: GNU GPL version 3 or later <http://gnu.org/licenses/gpl.html>.
This is free software: you are free to change and redistribute it.
There is NO WARRANTY, to the extent permitted by law.

Written by John Gilmore and Jay Fenlason.
configure:3410: $? = 0
configure:3450: tardir=conftest.dir && eval tar --format=ustar -chf - "$tardir" >conftest.tar
configure:3453: $? = 0
configure:3457: tar -xf - <conftest.tar
configure:3460: $? = 0
configure:3473: result: gnutar
configure:3651: checking for cc
configure:3667: found /usr/bin/cc
configure:3678: result: cc
configure:3709: checking for C compiler version
configure:3718: cc --version >&5
cc (Ubuntu 7.4.0-1ubuntu1~18.04.1) 7.4.0
Copyright (C) 2017 Free Software Foundation, Inc.
This is free software; see the source for copying conditions.  There is NO
warranty; not even for MERCHANTABILITY or FITNESS FOR A PARTICULAR PURPOSE.

configure:3729: $? = 0
configure:3718: cc -v >&5
Using built-in specs.
COLLECT_GCC=cc
COLLECT_LTO_WRAPPER=/usr/lib/gcc/x86_64-linux-gnu/7/lto-wrapper
OFFLOAD_TARGET_NAMES=nvptx-none
OFFLOAD_TARGET_DEFAULT=1
Target: x86_64-linux-gnu
Configured with: ../src/configure -v --with-pkgversion='Ubuntu 7.4.0-1ubuntu1~18.04.1' --with-bugurl=file:///usr/share/doc/gcc-7/README.Bugs --enable-languages=c,ada,c++,go,brig,d,fortran,objc,obj-c++ --prefix=/usr --with-gcc-major-version-only --program-suffix=-7 --program-prefix=x86_64-linux-gnu- --enable-shared --enable-linker-build-id --libexecdir=/usr/lib --without-included-gettext --enable-threads=posix --libdir=/usr/lib --enable-nls --with-sysroot=/ --enable-clocale=gnu --enable-libstdcxx-debug --enable-libstdcxx-time=yes --with-default-libstdcxx-abi=new --enable-gnu-unique-object --disable-vtable-verify --enable-libmpx --enable-plugin --enable-default-pie --with-system-zlib --with-target-system-zlib --enable-objc-gc=auto --enable-multiarch --disable-werror --with-arch-32=i686 --with-abi=m64 --with-multilib-list=m32,m64,mx32 --enable-multilib --with-tune=generic --enable-offload-targets=nvptx-none --without-cuda-driver --enable-checking=release --build=x86_64-linux-gnu --host=x86_64-linux-gnu --target=x86_64-linux-gnu
Thread model: posix
gcc version 7.4.0 (Ubuntu 7.4.0-1ubuntu1~18.04.1) 
configure:3729: $? = 0
configure:3718: cc -V >&5
cc: error: unrecognized command line option '-V'
cc: fatal error: no input files
compilation terminated.
configure:3729: $? = 1
configure:3718: cc -qversion >&5
cc: error: unrecognized command line option '-qversion'; did you mean '--version'?
cc: fatal error: no input files
compilation terminated.
configure:3729: $? = 1
configure:3749: checking whether the C compiler works
configure:3771: cc    conftest.c  >&5
configure:3775: $? = 0
configure:3823: result: yes
configure:3826: checking for C compiler default output file name
configure:3828: result: a.out
configure:3834: checking for suffix of executables
configure:3841: cc -o conftest    conftest.c  >&5
configure:3845: $? = 0
configure:3867: result: 
configure:3889: checking whether we are cross compiling
configure:3897: cc -o conftest    conftest.c  >&5
configure:3901: $? = 0
configure:3908: ./conftest
configure:3912: $? = 0
configure:3927: result: no
configure:3932: checking for suffix of object files
configure:3954: cc -c   conftest.c >&5
configure:3958: $? = 0
configure:3979: result: o
configure:3983: checking whether we are using the GNU C compiler
configure:4002: cc -c   conftest.c >&5
configure:4002: $? = 0
configure:4011: result: yes
configure:4020: checking whether cc accepts -g
configure:4040: cc -c -g  conftest.c >&5
configure:4040: $? = 0
configure:4081: result: yes
configure:4098: checking for cc option to accept ISO C89
configure:4162: cc  -c -g -O2  conftest.c >&5
configure:4162: $? = 0
configure:4175: result: none needed
configure:4206: checking for style of include used by make
configure:4234: result: GNU
configure:4262: checking dependency style of cc
configure:4352: result: gcc3
configure:5411: checking how to run the C preprocessor
configure:5442: cc -E  conftest.c
configure:5442: $? = 0
configure:5456: cc -E  conftest.c
conftest.c:16:10: fatal error: ac_nonexistent.h: No such file or directory
 #include <ac_nonexistent.h>
          ^~~~~~~~~~~~~~~~~~
compilation terminated.
configure:5456: $? = 1
configure: failed program was:
| /* confdefs.h */
| #define PACKAGE_NAME "xdrfile"
| #define PACKAGE_TARNAME "xdrfile"
| #define PACKAGE_VERSION "1.1b"
| #define PACKAGE_STRING "xdrfile 1.1b"
| #define PACKAGE_BUGREPORT "gmx-users@gromacs.org"
| #define PACKAGE_URL ""
| #define PACKAGE "xdrfile"
| #define VERSION "1.1b"
| #define BUILD_TIME "Wed Dec 18 15:15:17 CET 2019"
| #define BUILD_USER "liuba@precision"
| #define BUILD_MACHINE "Linux 4.15.0-1027-oem x86_64"
| #define F77_OR_C_FUNC(name,NAME) name
| #define F77_OR_C_FUNC_(name,NAME) name
| /* end confdefs.h.  */
| #include <ac_nonexistent.h>
configure:5481: result: cc -E
configure:5501: cc -E  conftest.c
configure:5501: $? = 0
configure:5515: cc -E  conftest.c
conftest.c:16:10: fatal error: ac_nonexistent.h: No such file or directory
 #include <ac_nonexistent.h>
          ^~~~~~~~~~~~~~~~~~
compilation terminated.
configure:5515: $? = 1
configure: failed program was:
| /* confdefs.h */
| #define PACKAGE_NAME "xdrfile"
| #define PACKAGE_TARNAME "xdrfile"
| #define PACKAGE_VERSION "1.1b"
| #define PACKAGE_STRING "xdrfile 1.1b"
| #define PACKAGE_BUGREPORT "gmx-users@gromacs.org"
| #define PACKAGE_URL ""
| #define PACKAGE "xdrfile"
| #define VERSION "1.1b"
| #define BUILD_TIME "Wed Dec 18 15:15:17 CET 2019"
| #define BUILD_USER "liuba@precision"
| #define BUILD_MACHINE "Linux 4.15.0-1027-oem x86_64"
| #define F77_OR_C_FUNC(name,NAME) name
| #define F77_OR_C_FUNC_(name,NAME) name
| /* end confdefs.h.  */
| #include <ac_nonexistent.h>
configure:5931: checking whether cc accepts -O3
configure:5949: result: yes
configure:5973: checking whether cc accepts -malign-double
configure:5991: result: yes
configure:6260: checking whether cc accepts -funroll-all-loops
configure:6278: result: yes
configure:6317: checking whether cc accepts  -O3 -fomit-frame-pointer -finline-functions -Wall -Wno-unused -malign-double -funroll-all-loops
configure:6335: result: yes
configure:6427: checking for grep that handles long lines and -e
configure:6485: result: /bin/grep
configure:6490: checking for egrep
configure:6552: result: /bin/grep -E
configure:6557: checking for ANSI C header files
configure:6585: cc -c  -O3 -fomit-frame-pointer -finline-functions -Wall -Wno-unused -malign-double -funroll-all-loops  conftest.c >&5
configure:6585: $? = 0
configure:6658: cc -o conftest  -O3 -fomit-frame-pointer -finline-functions -Wall -Wno-unused -malign-double -funroll-all-loops    conftest.c  >&5
configure:6658: $? = 0
configure:6658: ./conftest
configure:6658: $? = 0
configure:6669: result: yes
configure:6682: checking for sys/types.h
configure:6682: cc -c  -O3 -fomit-frame-pointer -finline-functions -Wall -Wno-unused -malign-double -funroll-all-loops  conftest.c >&5
configure:6682: $? = 0
configure:6682: result: yes
configure:6682: checking for sys/stat.h
configure:6682: cc -c  -O3 -fomit-frame-pointer -finline-functions -Wall -Wno-unused -malign-double -funroll-all-loops  conftest.c >&5
configure:6682: $? = 0
configure:6682: result: yes
configure:6682: checking for stdlib.h
configure:6682: cc -c  -O3 -fomit-frame-pointer -finline-functions -Wall -Wno-unused -malign-double -funroll-all-loops  conftest.c >&5
configure:6682: $? = 0
configure:6682: result: yes
configure:6682: checking for string.h
configure:6682: cc -c  -O3 -fomit-frame-pointer -finline-functions -Wall -Wno-unused -malign-double -funroll-all-loops  conftest.c >&5
configure:6682: $? = 0
configure:6682: result: yes
configure:6682: checking for memory.h
configure:6682: cc -c  -O3 -fomit-frame-pointer -finline-functions -Wall -Wno-unused -malign-double -funroll-all-loops  conftest.c >&5
configure:6682: $? = 0
configure:6682: result: yes
configure:6682: checking for strings.h
configure:6682: cc -c  -O3 -fomit-frame-pointer -finline-functions -Wall -Wno-unused -malign-double -funroll-all-loops  conftest.c >&5
configure:6682: $? = 0
configure:6682: result: yes
configure:6682: checking for inttypes.h
configure:6682: cc -c  -O3 -fomit-frame-pointer -finline-functions -Wall -Wno-unused -malign-double -funroll-all-loops  conftest.c >&5
configure:6682: $? = 0
configure:6682: result: yes
configure:6682: checking for stdint.h
configure:6682: cc -c  -O3 -fomit-frame-pointer -finline-functions -Wall -Wno-unused -malign-double -funroll-all-loops  conftest.c >&5
configure:6682: $? = 0
configure:6682: result: yes
configure:6682: checking for unistd.h
configure:6682: cc -c  -O3 -fomit-frame-pointer -finline-functions -Wall -Wno-unused -malign-double -funroll-all-loops  conftest.c >&5
configure:6682: $? = 0
configure:6682: result: yes
configure:6694: checking whether byte ordering is bigendian
configure:6709: cc -c  -O3 -fomit-frame-pointer -finline-functions -Wall -Wno-unused -malign-double -funroll-all-loops  conftest.c >&5
conftest.c:27:9: error: unknown type name 'not'
         not a universal capable compiler
         ^~~
conftest.c:27:15: error: expected '=', ',', ';', 'asm' or '__attribute__' before 'universal'
         not a universal capable compiler
               ^~~~~~~~~
conftest.c:27:15: error: unknown type name 'universal'
configure:6709: $? = 1
configure: failed program was:
| /* confdefs.h */
| #define PACKAGE_NAME "xdrfile"
| #define PACKAGE_TARNAME "xdrfile"
| #define PACKAGE_VERSION "1.1b"
| #define PACKAGE_STRING "xdrfile 1.1b"
| #define PACKAGE_BUGREPORT "gmx-users@gromacs.org"
| #define PACKAGE_URL ""
| #define PACKAGE "xdrfile"
| #define VERSION "1.1b"
| #define BUILD_TIME "Wed Dec 18 15:15:17 CET 2019"
| #define BUILD_USER "liuba@precision"
| #define BUILD_MACHINE "Linux 4.15.0-1027-oem x86_64"
| #define F77_OR_C_FUNC(name,NAME) name
| #define F77_OR_C_FUNC_(name,NAME) name
| #define STDC_HEADERS 1
| #define HAVE_SYS_TYPES_H 1
| #define HAVE_SYS_STAT_H 1
| #define HAVE_STDLIB_H 1
| #define HAVE_STRING_H 1
| #define HAVE_MEMORY_H 1
| #define HAVE_STRINGS_H 1
| #define HAVE_INTTYPES_H 1
| #define HAVE_STDINT_H 1
| #define HAVE_UNISTD_H 1
| /* end confdefs.h.  */
| #ifndef __APPLE_CC__
| 	       not a universal capable compiler
| 	     #endif
| 	     typedef int dummy;
| 
configure:6762: cc -c  -O3 -fomit-frame-pointer -finline-functions -Wall -Wno-unused -malign-double -funroll-all-loops  conftest.c >&5
configure:6762: $? = 0
configure:6788: cc -c  -O3 -fomit-frame-pointer -finline-functions -Wall -Wno-unused -malign-double -funroll-all-loops  conftest.c >&5
conftest.c: In function 'main':
conftest.c:41:4: error: unknown type name 'not'; did you mean 'ino_t'?
    not big endian
    ^~~
    ino_t
conftest.c:41:12: error: expected '=', ',', ';', 'asm' or '__attribute__' before 'endian'
    not big endian
            ^~~~~~
configure:6788: $? = 1
configure: failed program was:
| /* confdefs.h */
| #define PACKAGE_NAME "xdrfile"
| #define PACKAGE_TARNAME "xdrfile"
| #define PACKAGE_VERSION "1.1b"
| #define PACKAGE_STRING "xdrfile 1.1b"
| #define PACKAGE_BUGREPORT "gmx-users@gromacs.org"
| #define PACKAGE_URL ""
| #define PACKAGE "xdrfile"
| #define VERSION "1.1b"
| #define BUILD_TIME "Wed Dec 18 15:15:17 CET 2019"
| #define BUILD_USER "liuba@precision"
| #define BUILD_MACHINE "Linux 4.15.0-1027-oem x86_64"
| #define F77_OR_C_FUNC(name,NAME) name
| #define F77_OR_C_FUNC_(name,NAME) name
| #define STDC_HEADERS 1
| #define HAVE_SYS_TYPES_H 1
| #define HAVE_SYS_STAT_H 1
| #define HAVE_STDLIB_H 1
| #define HAVE_STRING_H 1
| #define HAVE_MEMORY_H 1
| #define HAVE_STRINGS_H 1
| #define HAVE_INTTYPES_H 1
| #define HAVE_STDINT_H 1
| #define HAVE_UNISTD_H 1
| /* end confdefs.h.  */
| #include <sys/types.h>
| 		#include <sys/param.h>
| 
| #ifdef F77_DUMMY_MAIN
| 
| #  ifdef __cplusplus
|      extern "C"
| #  endif
|    int F77_DUMMY_MAIN() { return 1; }
| 
| #endif
| int
| main ()
| {
| #if BYTE_ORDER != BIG_ENDIAN
| 		 not big endian
| 		#endif
| 
|   ;
|   return 0;
| }
configure:6948: result: no
configure:6976: checking size of int
configure:6981: cc -o conftest  -O3 -fomit-frame-pointer -finline-functions -Wall -Wno-unused -malign-double -funroll-all-loops    conftest.c  >&5
configure:6981: $? = 0
configure:6981: ./conftest
configure:6981: $? = 0
configure:6995: result: 4
configure:7009: checking size of long int
configure:7014: cc -o conftest  -O3 -fomit-frame-pointer -finline-functions -Wall -Wno-unused -malign-double -funroll-all-loops    conftest.c  >&5
configure:7014: $? = 0
configure:7014: ./conftest
configure:7014: $? = 0
configure:7028: result: 8
configure:7042: checking size of long long int
configure:7047: cc -o conftest  -O3 -fomit-frame-pointer -finline-functions -Wall -Wno-unused -malign-double -funroll-all-loops    conftest.c  >&5
configure:7047: $? = 0
configure:7047: ./conftest
configure:7047: $? = 0
configure:7061: result: 8
configure:7077: checking that size_t can hold pointers
configure:7101: cc -c  -O3 -fomit-frame-pointer -finline-functions -Wall -Wno-unused -malign-double -funroll-all-loops  conftest.c >&5
configure:7101: $? = 0
configure:7102: result: yes
configure:7115: checking floating-point format
configure:7136: cc -c  -O3 -fomit-frame-pointer -finline-functions -Wall -Wno-unused -malign-double -funroll-all-loops  conftest.c >&5
configure:7139: $? = 0
configure:7167: result: IEEE754 (little-endian byte and word order)
configure:7223: checking whether ln -s works
configure:7227: result: yes
configure:7234: checking whether make sets $(MAKE)
configure:7256: result: yes
configure:7315: checking for a sed that does not truncate output
configure:7371: result: /bin/sed
configure:7385: checking for ld used by cc
configure:7452: result: /usr/bin/ld
configure:7459: checking if the linker (/usr/bin/ld) is GNU ld
configure:7474: result: yes
configure:7479: checking for /usr/bin/ld option to reload object files
configure:7486: result: -r
configure:7504: checking for BSD-compatible nm
configure:7553: result: /usr/bin/nm -B
configure:7557: checking how to recognize dependent libraries
configure:7743: result: pass_all
configure:7831: cc -c  -O3 -fomit-frame-pointer -finline-functions -Wall -Wno-unused -malign-double -funroll-all-loops  conftest.c >&5
configure:7834: $? = 0
configure:8241: checking dlfcn.h usability
configure:8241: cc -c  -O3 -fomit-frame-pointer -finline-functions -Wall -Wno-unused -malign-double -funroll-all-loops  conftest.c >&5
configure:8241: $? = 0
configure:8241: result: yes
configure:8241: checking dlfcn.h presence
configure:8241: cc -E  conftest.c
configure:8241: $? = 0
configure:8241: result: yes
configure:8241: checking for dlfcn.h
configure:8241: result: yes
configure:8309: checking for g++
configure:8325: found /usr/bin/g++
configure:8336: result: g++
configure:8363: checking for C++ compiler version
configure:8372: g++ --version >&5
g++ (Ubuntu 7.4.0-1ubuntu1~18.04.1) 7.4.0
Copyright (C) 2017 Free Software Foundation, Inc.
This is free software; see the source for copying conditions.  There is NO
warranty; not even for MERCHANTABILITY or FITNESS FOR A PARTICULAR PURPOSE.

configure:8383: $? = 0
configure:8372: g++ -v >&5
Using built-in specs.
COLLECT_GCC=g++
COLLECT_LTO_WRAPPER=/usr/lib/gcc/x86_64-linux-gnu/7/lto-wrapper
OFFLOAD_TARGET_NAMES=nvptx-none
OFFLOAD_TARGET_DEFAULT=1
Target: x86_64-linux-gnu
Configured with: ../src/configure -v --with-pkgversion='Ubuntu 7.4.0-1ubuntu1~18.04.1' --with-bugurl=file:///usr/share/doc/gcc-7/README.Bugs --enable-languages=c,ada,c++,go,brig,d,fortran,objc,obj-c++ --prefix=/usr --with-gcc-major-version-only --program-suffix=-7 --program-prefix=x86_64-linux-gnu- --enable-shared --enable-linker-build-id --libexecdir=/usr/lib --without-included-gettext --enable-threads=posix --libdir=/usr/lib --enable-nls --with-sysroot=/ --enable-clocale=gnu --enable-libstdcxx-debug --enable-libstdcxx-time=yes --with-default-libstdcxx-abi=new --enable-gnu-unique-object --disable-vtable-verify --enable-libmpx --enable-plugin --enable-default-pie --with-system-zlib --with-target-system-zlib --enable-objc-gc=auto --enable-multiarch --disable-werror --with-arch-32=i686 --with-abi=m64 --with-multilib-list=m32,m64,mx32 --enable-multilib --with-tune=generic --enable-offload-targets=nvptx-none --without-cuda-driver --enable-checking=release --build=x86_64-linux-gnu --host=x86_64-linux-gnu --target=x86_64-linux-gnu
Thread model: posix
gcc version 7.4.0 (Ubuntu 7.4.0-1ubuntu1~18.04.1) 
configure:8383: $? = 0
configure:8372: g++ -V >&5
g++: error: unrecognized command line option '-V'
g++: fatal error: no input files
compilation terminated.
configure:8383: $? = 1
configure:8372: g++ -qversion >&5
g++: error: unrecognized command line option '-qversion'; did you mean '--version'?
g++: fatal error: no input files
compilation terminated.
configure:8383: $? = 1
configure:8387: checking whether we are using the GNU C++ compiler
configure:8414: g++ -c   conftest.cpp >&5
configure:8414: $? = 0
configure:8423: result: yes
configure:8432: checking whether g++ accepts -g
configure:8460: g++ -c -g  conftest.cpp >&5
configure:8460: $? = 0
configure:8517: result: yes
configure:8542: checking dependency style of g++
configure:8632: result: gcc3
configure:8659: checking how to run the C++ preprocessor
configure:8686: g++ -E  conftest.cpp
configure:8686: $? = 0
configure:8700: g++ -E  conftest.cpp
conftest.cpp:31:10: fatal error: ac_nonexistent.h: No such file or directory
 #include <ac_nonexistent.h>
          ^~~~~~~~~~~~~~~~~~
compilation terminated.
configure:8700: $? = 1
configure: failed program was:
| /* confdefs.h */
| #define PACKAGE_NAME "xdrfile"
| #define PACKAGE_TARNAME "xdrfile"
| #define PACKAGE_VERSION "1.1b"
| #define PACKAGE_STRING "xdrfile 1.1b"
| #define PACKAGE_BUGREPORT "gmx-users@gromacs.org"
| #define PACKAGE_URL ""
| #define PACKAGE "xdrfile"
| #define VERSION "1.1b"
| #define BUILD_TIME "Wed Dec 18 15:15:17 CET 2019"
| #define BUILD_USER "liuba@precision"
| #define BUILD_MACHINE "Linux 4.15.0-1027-oem x86_64"
| #define F77_OR_C_FUNC(name,NAME) name
| #define F77_OR_C_FUNC_(name,NAME) name
| #define STDC_HEADERS 1
| #define HAVE_SYS_TYPES_H 1
| #define HAVE_SYS_STAT_H 1
| #define HAVE_STDLIB_H 1
| #define HAVE_STRING_H 1
| #define HAVE_MEMORY_H 1
| #define HAVE_STRINGS_H 1
| #define HAVE_INTTYPES_H 1
| #define HAVE_STDINT_H 1
| #define HAVE_UNISTD_H 1
| #define SIZEOF_INT 4
| #define SIZEOF_LONG_INT 8
| #define SIZEOF_LONG_LONG_INT 8
| #define FLOAT_FORMAT_IEEE754 /**/
| #define HAVE_DLFCN_H 1
| /* end confdefs.h.  */
| #include <ac_nonexistent.h>
configure:8725: result: g++ -E
configure:8745: g++ -E  conftest.cpp
configure:8745: $? = 0
configure:8759: g++ -E  conftest.cpp
conftest.cpp:31:10: fatal error: ac_nonexistent.h: No such file or directory
 #include <ac_nonexistent.h>
          ^~~~~~~~~~~~~~~~~~
compilation terminated.
configure:8759: $? = 1
configure: failed program was:
| /* confdefs.h */
| #define PACKAGE_NAME "xdrfile"
| #define PACKAGE_TARNAME "xdrfile"
| #define PACKAGE_VERSION "1.1b"
| #define PACKAGE_STRING "xdrfile 1.1b"
| #define PACKAGE_BUGREPORT "gmx-users@gromacs.org"
| #define PACKAGE_URL ""
| #define PACKAGE "xdrfile"
| #define VERSION "1.1b"
| #define BUILD_TIME "Wed Dec 18 15:15:17 CET 2019"
| #define BUILD_USER "liuba@precision"
| #define BUILD_MACHINE "Linux 4.15.0-1027-oem x86_64"
| #define F77_OR_C_FUNC(name,NAME) name
| #define F77_OR_C_FUNC_(name,NAME) name
| #define STDC_HEADERS 1
| #define HAVE_SYS_TYPES_H 1
| #define HAVE_SYS_STAT_H 1
| #define HAVE_STDLIB_H 1
| #define HAVE_STRING_H 1
| #define HAVE_MEMORY_H 1
| #define HAVE_STRINGS_H 1
| #define HAVE_INTTYPES_H 1
| #define HAVE_STDINT_H 1
| #define HAVE_UNISTD_H 1
| #define SIZEOF_INT 4
| #define SIZEOF_LONG_INT 8
| #define SIZEOF_LONG_LONG_INT 8
| #define FLOAT_FORMAT_IEEE754 /**/
| #define HAVE_DLFCN_H 1
| /* end confdefs.h.  */
| #include <ac_nonexistent.h>
configure:8794: checking the maximum length of command line arguments
configure:8906: result: 1572864
configure:8918: checking command to parse /usr/bin/nm -B output from cc object
configure:9023: g++ -c -g -O2  conftest.cpp >&5
configure:9026: $? = 0
configure:9030: /usr/bin/nm -B conftest.o \| sed -n -e 's/^.*[ 	]\([ABCDGIRSTW][ABCDGIRSTW]*\)[ 	][ 	]*\([_A-Za-z][_A-Za-z0-9]*\)$/\1 \2 \2/p' \> conftest.nm
configure:9033: $? = 0
configure:9085: g++ -o conftest -g -O2    conftest.cpp conftstm.o >&5
configure:9088: $? = 0
configure:9126: result: ok
configure:9130: checking for objdir
configure:9145: result: .libs
configure:9237: checking for ar
configure:9253: found /usr/bin/ar
configure:9264: result: ar
configure:9329: checking for ranlib
configure:9345: found /usr/bin/ranlib
configure:9356: result: ranlib
configure:9421: checking for strip
configure:9437: found /usr/bin/strip
configure:9448: result: strip
configure:9730: checking if cc supports -fno-rtti -fno-exceptions
configure:9748: cc -c  -O3 -fomit-frame-pointer -finline-functions -Wall -Wno-unused -malign-double -funroll-all-loops  -fno-rtti -fno-exceptions conftest.c >&5
cc1: warning: command line option '-fno-rtti' is valid for C++/ObjC++ but not for C
configure:9752: $? = 0
configure:9765: result: no
configure:9780: checking for cc option to produce PIC
configure:10012: result: -fPIC
configure:10020: checking if cc PIC flag -fPIC works
configure:10038: cc -c  -O3 -fomit-frame-pointer -finline-functions -Wall -Wno-unused -malign-double -funroll-all-loops  -fPIC -DPIC conftest.c >&5
configure:10042: $? = 0
configure:10055: result: yes
configure:10083: checking if cc static flag -static works
configure:10111: result: yes
configure:10121: checking if cc supports -c -o file.o
configure:10142: cc -c  -O3 -fomit-frame-pointer -finline-functions -Wall -Wno-unused -malign-double -funroll-all-loops  -o out/conftest2.o conftest.c >&5
configure:10146: $? = 0
configure:10168: result: yes
configure:10194: checking whether the cc linker (/usr/bin/ld -m elf_x86_64) supports shared libraries
configure:11136: result: yes
configure:11203: checking dynamic linker characteristics
configure:11805: result: GNU/Linux ld.so
configure:11814: checking how to hardcode library paths into programs
configure:11839: result: immediate
configure:11853: checking whether stripping libraries is possible
configure:11858: result: yes
configure:12415: checking if libtool supports shared libraries
configure:12417: result: yes
configure:12420: checking whether to build shared libraries
configure:12441: result: no
configure:12444: checking whether to build static libraries
configure:12448: result: yes
configure:12541: creating libtool
configure:13125: checking for ld used by g++
configure:13192: result: /usr/bin/ld -m elf_x86_64
configure:13199: checking if the linker (/usr/bin/ld -m elf_x86_64) is GNU ld
configure:13214: result: yes
configure:13265: checking whether the g++ linker (/usr/bin/ld -m elf_x86_64) supports shared libraries
configure:14201: result: yes
configure:14219: g++ -c -g -O2  conftest.cpp >&5
configure:14222: $? = 0
configure:14374: checking for g++ option to produce PIC
configure:14658: result: -fPIC
configure:14666: checking if g++ PIC flag -fPIC works
configure:14684: g++ -c -g -O2  -fPIC -DPIC conftest.cpp >&5
configure:14688: $? = 0
configure:14701: result: yes
configure:14729: checking if g++ static flag -static works
configure:14757: result: yes
configure:14767: checking if g++ supports -c -o file.o
configure:14788: g++ -c -g -O2  -o out/conftest2.o conftest.cpp >&5
configure:14792: $? = 0
configure:14814: result: yes
configure:14840: checking whether the g++ linker (/usr/bin/ld -m elf_x86_64) supports shared libraries
configure:14865: result: yes
configure:14932: checking dynamic linker characteristics
configure:15482: result: GNU/Linux ld.so
configure:15491: checking how to hardcode library paths into programs
configure:15516: result: immediate
configure:21606: checking for special C compiler options needed for large files
configure:21659: result: no
configure:21665: checking for _FILE_OFFSET_BITS value needed for large files
configure:21698: cc -c  -O3 -fomit-frame-pointer -finline-functions -Wall -Wno-unused -malign-double -funroll-all-loops  conftest.c >&5
configure:21698: $? = 0
configure:21738: result: no
configure:21837: checking for _LARGEFILE_SOURCE value needed for large files
configure:21864: cc -o conftest  -O3 -fomit-frame-pointer -finline-functions -Wall -Wno-unused -malign-double -funroll-all-loops    conftest.c  >&5
configure:21864: $? = 0
configure:21900: result: no
configure:21934: checking for sqrt in -lm
configure:21967: cc -o conftest  -O3 -fomit-frame-pointer -finline-functions -Wall -Wno-unused -malign-double -funroll-all-loops    conftest.c -lm   >&5
conftest.c:39:6: warning: conflicting types for built-in function 'sqrt' [-Wbuiltin-declaration-mismatch]
 char sqrt ();
      ^~~~
configure:21967: $? = 0
configure:21976: result: yes
configure:22005: checking rpc/rpc.h usability
configure:22005: cc -c  -O3 -fomit-frame-pointer -finline-functions -Wall -Wno-unused -malign-double -funroll-all-loops  conftest.c >&5
configure:22005: $? = 0
configure:22005: result: yes
configure:22005: checking rpc/rpc.h presence
configure:22005: cc -E  conftest.c
configure:22005: $? = 0
configure:22005: result: yes
configure:22005: checking for rpc/rpc.h
configure:22005: result: yes
configure:22017: checking for rpc/xdr.h
configure:22017: cc -c  -O3 -fomit-frame-pointer -finline-functions -Wall -Wno-unused -malign-double -funroll-all-loops  conftest.c >&5
configure:22017: $? = 0
configure:22017: result: yes
configure:22031: checking for xdr_float in -lnsl
configure:22064: cc -o conftest  -O3 -fomit-frame-pointer -finline-functions -Wall -Wno-unused -malign-double -funroll-all-loops    conftest.c -lnsl  -lm  >&5
configure:22064: $? = 0
configure:22073: result: yes
configure:22114: cc -o conftest  -O3 -fomit-frame-pointer -finline-functions -Wall -Wno-unused -malign-double -funroll-all-loops    conftest.c -lnsl -lm  >&5
conftest.c: In function 'main':
conftest.c:59:20: warning: 'xd' is used uninitialized in this function [-Wuninitialized]
  XDR *xd; float f; xdr_float(xd,&f);
                    ^~~~~~~~~~~~~~~~
configure:22114: $? = 0
configure:22134: checking for working memcmp
configure:22185: cc -o conftest  -O3 -fomit-frame-pointer -finline-functions -Wall -Wno-unused -malign-double -funroll-all-loops    conftest.c -lnsl -lm  >&5
configure:22185: $? = 0
configure:22185: ./conftest
configure:22185: $? = 0
configure:22195: result: yes
configure:22204: checking return type of signal handlers
configure:22230: cc -c  -O3 -fomit-frame-pointer -finline-functions -Wall -Wno-unused -malign-double -funroll-all-loops  conftest.c >&5
conftest.c: In function 'main':
conftest.c:50:10: error: void value not ignored as it ought to be
 return *(signal (0, 0)) (0) == 1;
         ~^~~~~~~~~~~~~~~~~~
configure:22230: $? = 1
configure: failed program was:
| /* confdefs.h */
| #define PACKAGE_NAME "xdrfile"
| #define PACKAGE_TARNAME "xdrfile"
| #define PACKAGE_VERSION "1.1b"
| #define PACKAGE_STRING "xdrfile 1.1b"
| #define PACKAGE_BUGREPORT "gmx-users@gromacs.org"
| #define PACKAGE_URL ""
| #define PACKAGE "xdrfile"
| #define VERSION "1.1b"
| #define BUILD_TIME "Wed Dec 18 15:15:17 CET 2019"
| #define BUILD_USER "liuba@precision"
| #define BUILD_MACHINE "Linux 4.15.0-1027-oem x86_64"
| #define F77_OR_C_FUNC(name,NAME) name
| #define F77_OR_C_FUNC_(name,NAME) name
| #define STDC_HEADERS 1
| #define HAVE_SYS_TYPES_H 1
| #define HAVE_SYS_STAT_H 1
| #define HAVE_STDLIB_H 1
| #define HAVE_STRING_H 1
| #define HAVE_MEMORY_H 1
| #define HAVE_STRINGS_H 1
| #define HAVE_INTTYPES_H 1
| #define HAVE_STDINT_H 1
| #define HAVE_UNISTD_H 1
| #define SIZEOF_INT 4
| #define SIZEOF_LONG_INT 8
| #define SIZEOF_LONG_LONG_INT 8
| #define FLOAT_FORMAT_IEEE754 /**/
| #define HAVE_DLFCN_H 1
| #define HAVE_FSEEKO 1
| #define HAVE_LIBM 1
| #define HAVE_RPC_RPC_H 1
| #define HAVE_RPC_XDR_H 1
| #define HAVE_LIBNSL 1
| /* end confdefs.h.  */
| #include <sys/types.h>
| #include <signal.h>
| 
| #ifdef F77_DUMMY_MAIN
| 
| #  ifdef __cplusplus
|      extern "C"
| #  endif
|    int F77_DUMMY_MAIN() { return 1; }
| 
| #endif
| int
| main ()
| {
| return *(signal (0, 0)) (0) == 1;
|   ;
|   return 0;
| }
configure:22237: result: void
configure:22247: checking for vprintf
configure:22247: cc -o conftest  -O3 -fomit-frame-pointer -finline-functions -Wall -Wno-unused -malign-double -funroll-all-loops    conftest.c -lnsl -lm  >&5
conftest.c:60:6: warning: conflicting types for built-in function 'vprintf' [-Wbuiltin-declaration-mismatch]
 char vprintf ();
      ^~~~~~~
configure:22247: $? = 0
configure:22247: result: yes
configure:22253: checking for _doprnt
configure:22253: cc -o conftest  -O3 -fomit-frame-pointer -finline-functions -Wall -Wno-unused -malign-double -funroll-all-loops    conftest.c -lnsl -lm  >&5
/tmp/ccnrxTNL.o: In function `main':
conftest.c:(.text.startup+0x7): undefined reference to `_doprnt'
collect2: error: ld returned 1 exit status
configure:22253: $? = 1
configure: failed program was:
| /* confdefs.h */
| #define PACKAGE_NAME "xdrfile"
| #define PACKAGE_TARNAME "xdrfile"
| #define PACKAGE_VERSION "1.1b"
| #define PACKAGE_STRING "xdrfile 1.1b"
| #define PACKAGE_BUGREPORT "gmx-users@gromacs.org"
| #define PACKAGE_URL ""
| #define PACKAGE "xdrfile"
| #define VERSION "1.1b"
| #define BUILD_TIME "Wed Dec 18 15:15:17 CET 2019"
| #define BUILD_USER "liuba@precision"
| #define BUILD_MACHINE "Linux 4.15.0-1027-oem x86_64"
| #define F77_OR_C_FUNC(name,NAME) name
| #define F77_OR_C_FUNC_(name,NAME) name
| #define STDC_HEADERS 1
| #define HAVE_SYS_TYPES_H 1
| #define HAVE_SYS_STAT_H 1
| #define HAVE_STDLIB_H 1
| #define HAVE_STRING_H 1
| #define HAVE_MEMORY_H 1
| #define HAVE_STRINGS_H 1
| #define HAVE_INTTYPES_H 1
| #define HAVE_STDINT_H 1
| #define HAVE_UNISTD_H 1
| #define SIZEOF_INT 4
| #define SIZEOF_LONG_INT 8
| #define SIZEOF_LONG_LONG_INT 8
| #define FLOAT_FORMAT_IEEE754 /**/
| #define HAVE_DLFCN_H 1
| #define HAVE_FSEEKO 1
| #define HAVE_LIBM 1
| #define HAVE_RPC_RPC_H 1
| #define HAVE_RPC_XDR_H 1
| #define HAVE_LIBNSL 1
| #define RETSIGTYPE void
| #define HAVE_VPRINTF 1
| /* end confdefs.h.  */
| /* Define _doprnt to an innocuous variant, in case <limits.h> declares _doprnt.
|    For example, HP-UX 11i <limits.h> declares gettimeofday.  */
| #define _doprnt innocuous__doprnt
| 
| /* System header to define __stub macros and hopefully few prototypes,
|     which can conflict with char _doprnt (); below.
|     Prefer <limits.h> to <assert.h> if __STDC__ is defined, since
|     <limits.h> exists even on freestanding compilers.  */
| 
| #ifdef __STDC__
| # include <limits.h>
| #else
| # include <assert.h>
| #endif
| 
| #undef _doprnt
| 
| /* Override any GCC internal prototype to avoid an error.
|    Use char because int might match the return type of a GCC
|    builtin and then its argument prototype would still apply.  */
| #ifdef __cplusplus
| extern "C"
| #endif
| char _doprnt ();
| /* The GNU C library defines this for functions which it implements
|     to always fail with ENOSYS.  Some functions are actually named
|     something starting with __ and the normal name is an alias.  */
| #if defined __stub__doprnt || defined __stub____doprnt
| choke me
| #endif
| 
| #ifdef F77_DUMMY_MAIN
| 
| #  ifdef __cplusplus
|      extern "C"
| #  endif
|    int F77_DUMMY_MAIN() { return 1; }
| 
| #endif
| int
| main ()
| {
| return _doprnt ();
|   ;
|   return 0;
| }
configure:22253: result: no
configure:22264: checking if malloc debugging is wanted
configure:22282: result: no
configure:22289: checking for strcasecmp
configure:22289: cc -o conftest  -O3 -fomit-frame-pointer -finline-functions -Wall -Wno-unused -malign-double -funroll-all-loops    conftest.c -lnsl -lm  >&5
conftest.c:61:6: warning: conflicting types for built-in function 'strcasecmp' [-Wbuiltin-declaration-mismatch]
 char strcasecmp ();
      ^~~~~~~~~~
configure:22289: $? = 0
configure:22289: result: yes
configure:22300: checking for strdup
configure:22300: cc -o conftest  -O3 -fomit-frame-pointer -finline-functions -Wall -Wno-unused -malign-double -funroll-all-loops    conftest.c -lnsl -lm  >&5
conftest.c:62:6: warning: conflicting types for built-in function 'strdup' [-Wbuiltin-declaration-mismatch]
 char strdup ();
      ^~~~~~
configure:22300: $? = 0
configure:22300: result: yes
configure:22310: checking for bool
configure:22310: cc -c  -O3 -fomit-frame-pointer -finline-functions -Wall -Wno-unused -malign-double -funroll-all-loops  conftest.c >&5
conftest.c: In function 'main':
conftest.c:84:13: error: 'bool' undeclared (first use in this function); did you mean 'atol'?
 if (sizeof (bool))
             ^~~~
             atol
conftest.c:84:13: note: each undeclared identifier is reported only once for each function it appears in
configure:22310: $? = 1
configure: failed program was:
| /* confdefs.h */
| #define PACKAGE_NAME "xdrfile"
| #define PACKAGE_TARNAME "xdrfile"
| #define PACKAGE_VERSION "1.1b"
| #define PACKAGE_STRING "xdrfile 1.1b"
| #define PACKAGE_BUGREPORT "gmx-users@gromacs.org"
| #define PACKAGE_URL ""
| #define PACKAGE "xdrfile"
| #define VERSION "1.1b"
| #define BUILD_TIME "Wed Dec 18 15:15:17 CET 2019"
| #define BUILD_USER "liuba@precision"
| #define BUILD_MACHINE "Linux 4.15.0-1027-oem x86_64"
| #define F77_OR_C_FUNC(name,NAME) name
| #define F77_OR_C_FUNC_(name,NAME) name
| #define STDC_HEADERS 1
| #define HAVE_SYS_TYPES_H 1
| #define HAVE_SYS_STAT_H 1
| #define HAVE_STDLIB_H 1
| #define HAVE_STRING_H 1
| #define HAVE_MEMORY_H 1
| #define HAVE_STRINGS_H 1
| #define HAVE_INTTYPES_H 1
| #define HAVE_STDINT_H 1
| #define HAVE_UNISTD_H 1
| #define SIZEOF_INT 4
| #define SIZEOF_LONG_INT 8
| #define SIZEOF_LONG_LONG_INT 8
| #define FLOAT_FORMAT_IEEE754 /**/
| #define HAVE_DLFCN_H 1
| #define HAVE_FSEEKO 1
| #define HAVE_LIBM 1
| #define HAVE_RPC_RPC_H 1
| #define HAVE_RPC_XDR_H 1
| #define HAVE_LIBNSL 1
| #define RETSIGTYPE void
| #define HAVE_VPRINTF 1
| #define HAVE_STRCASECMP 1
| #define HAVE_STRDUP 1
| /* end confdefs.h.  */
| #include <stdio.h>
| #ifdef HAVE_SYS_TYPES_H
| # include <sys/types.h>
| #endif
| #ifdef HAVE_SYS_STAT_H
| # include <sys/stat.h>
| #endif
| #ifdef STDC_HEADERS
| # include <stdlib.h>
| # include <stddef.h>
| #else
| # ifdef HAVE_STDLIB_H
| #  include <stdlib.h>
| # endif
| #endif
| #ifdef HAVE_STRING_H
| # if !defined STDC_HEADERS && defined HAVE_MEMORY_H
| #  include <memory.h>
| # endif
| # include <string.h>
| #endif
| #ifdef HAVE_STRINGS_H
| # include <strings.h>
| #endif
| #ifdef HAVE_INTTYPES_H
| # include <inttypes.h>
| #endif
| #ifdef HAVE_STDINT_H
| # include <stdint.h>
| #endif
| #ifdef HAVE_UNISTD_H
| # include <unistd.h>
| #endif
| #ifdef F77_DUMMY_MAIN
| 
| #  ifdef __cplusplus
|      extern "C"
| #  endif
|    int F77_DUMMY_MAIN() { return 1; }
| 
| #endif
| int
| main ()
| {
| if (sizeof (bool))
| 	 return 0;
|   ;
|   return 0;
| }
configure:22310: result: no
configure:22351: checking limits.h usability
configure:22351: cc -c  -O3 -fomit-frame-pointer -finline-functions -Wall -Wno-unused -malign-double -funroll-all-loops  conftest.c >&5
configure:22351: $? = 0
configure:22351: result: yes
configure:22351: checking limits.h presence
configure:22351: cc -E  conftest.c
configure:22351: $? = 0
configure:22351: result: yes
configure:22351: checking for limits.h
configure:22351: result: yes
configure:22351: checking for strings.h
configure:22351: result: yes
configure:22351: checking for unistd.h
configure:22351: result: yes
configure:22365: checking for unistd.h
configure:22365: result: yes
configure:22378: checking for an ANSI C-conforming const
configure:22451: cc -c  -O3 -fomit-frame-pointer -finline-functions -Wall -Wno-unused -malign-double -funroll-all-loops  conftest.c >&5
conftest.c: In function 'main':
conftest.c:81:7: warning: 't' is used uninitialized in this function [-Wuninitialized]
     *t++ = 0;
      ~^~
conftest.c:103:13: warning: 'cs[0]' is used uninitialized in this function [-Wuninitialized]
   return !cs[0] && !zero.x;
           ~~^~~
configure:22451: $? = 0
configure:22458: result: yes
configure:22466: checking for size_t
configure:22466: cc -c  -O3 -fomit-frame-pointer -finline-functions -Wall -Wno-unused -malign-double -funroll-all-loops  conftest.c >&5
configure:22466: $? = 0
configure:22466: cc -c  -O3 -fomit-frame-pointer -finline-functions -Wall -Wno-unused -malign-double -funroll-all-loops  conftest.c >&5
conftest.c: In function 'main':
conftest.c:88:21: error: expected expression before ')' token
 if (sizeof ((size_t)))
                     ^
configure:22466: $? = 1
configure: failed program was:
| /* confdefs.h */
| #define PACKAGE_NAME "xdrfile"
| #define PACKAGE_TARNAME "xdrfile"
| #define PACKAGE_VERSION "1.1b"
| #define PACKAGE_STRING "xdrfile 1.1b"
| #define PACKAGE_BUGREPORT "gmx-users@gromacs.org"
| #define PACKAGE_URL ""
| #define PACKAGE "xdrfile"
| #define VERSION "1.1b"
| #define BUILD_TIME "Wed Dec 18 15:15:17 CET 2019"
| #define BUILD_USER "liuba@precision"
| #define BUILD_MACHINE "Linux 4.15.0-1027-oem x86_64"
| #define F77_OR_C_FUNC(name,NAME) name
| #define F77_OR_C_FUNC_(name,NAME) name
| #define STDC_HEADERS 1
| #define HAVE_SYS_TYPES_H 1
| #define HAVE_SYS_STAT_H 1
| #define HAVE_STDLIB_H 1
| #define HAVE_STRING_H 1
| #define HAVE_MEMORY_H 1
| #define HAVE_STRINGS_H 1
| #define HAVE_INTTYPES_H 1
| #define HAVE_STDINT_H 1
| #define HAVE_UNISTD_H 1
| #define SIZEOF_INT 4
| #define SIZEOF_LONG_INT 8
| #define SIZEOF_LONG_LONG_INT 8
| #define FLOAT_FORMAT_IEEE754 /**/
| #define HAVE_DLFCN_H 1
| #define HAVE_FSEEKO 1
| #define HAVE_LIBM 1
| #define HAVE_RPC_RPC_H 1
| #define HAVE_RPC_XDR_H 1
| #define HAVE_LIBNSL 1
| #define RETSIGTYPE void
| #define HAVE_VPRINTF 1
| #define HAVE_STRCASECMP 1
| #define HAVE_STRDUP 1
| #define HAVE_LIMITS_H 1
| #define HAVE_STRINGS_H 1
| #define HAVE_UNISTD_H 1
| #define HAVE_UNISTD_H 1
| /* end confdefs.h.  */
| #include <stdio.h>
| #ifdef HAVE_SYS_TYPES_H
| # include <sys/types.h>
| #endif
| #ifdef HAVE_SYS_STAT_H
| # include <sys/stat.h>
| #endif
| #ifdef STDC_HEADERS
| # include <stdlib.h>
| # include <stddef.h>
| #else
| # ifdef HAVE_STDLIB_H
| #  include <stdlib.h>
| # endif
| #endif
| #ifdef HAVE_STRING_H
| # if !defined STDC_HEADERS && defined HAVE_MEMORY_H
| #  include <memory.h>
| # endif
| # include <string.h>
| #endif
| #ifdef HAVE_STRINGS_H
| # include <strings.h>
| #endif
| #ifdef HAVE_INTTYPES_H
| # include <inttypes.h>
| #endif
| #ifdef HAVE_STDINT_H
| # include <stdint.h>
| #endif
| #ifdef HAVE_UNISTD_H
| # include <unistd.h>
| #endif
| #ifdef F77_DUMMY_MAIN
| 
| #  ifdef __cplusplus
|      extern "C"
| #  endif
|    int F77_DUMMY_MAIN() { return 1; }
| 
| #endif
| int
| main ()
| {
| if (sizeof ((size_t)))
| 	    return 0;
|   ;
|   return 0;
| }
configure:22466: result: yes
configure:22477: checking whether struct tm is in sys/time.h or time.h
configure:22505: cc -c  -O3 -fomit-frame-pointer -finline-functions -Wall -Wno-unused -malign-double -funroll-all-loops  conftest.c >&5
configure:22505: $? = 0
configure:22512: result: time.h
configure:22520: checking for uid_t in sys/types.h
configure:22539: result: yes
configure:22550: checking for inline
configure:22566: cc -c  -O3 -fomit-frame-pointer -finline-functions -Wall -Wno-unused -malign-double -funroll-all-loops  conftest.c >&5
configure:22566: $? = 0
configure:22574: result: inline
configure:22608: checking whether byte ordering is bigendian
configure:22862: result: no
configure:23160: creating ./config.status

## ---------------------- ##
## Running config.status. ##
## ---------------------- ##

This file was extended by xdrfile config.status 1.1b, which was
generated by GNU Autoconf 2.68.  Invocation command line was

  CONFIG_FILES    = 
  CONFIG_HEADERS  = 
  CONFIG_LINKS    = 
  CONFIG_COMMANDS = 
  $ ./config.status 

on precision

config.status:924: creating Makefile
config.status:924: creating include/Makefile
config.status:924: creating src/Makefile
config.status:924: creating config.h
config.status:1146: executing depfiles commands

## ---------------- ##
## Cache variables. ##
## ---------------- ##

ac_cv_build=x86_64-unknown-linux-gnu
ac_cv_c_bigendian=no
ac_cv_c_compiler_gnu=yes
ac_cv_c_const=yes
ac_cv_c_inline=inline
ac_cv_cxx_compiler_gnu=yes
ac_cv_env_CCASFLAGS_set=
ac_cv_env_CCASFLAGS_value=
ac_cv_env_CCAS_set=
ac_cv_env_CCAS_value=
ac_cv_env_CCC_set=
ac_cv_env_CCC_value=
ac_cv_env_CC_set=
ac_cv_env_CC_value=
ac_cv_env_CFLAGS_set=
ac_cv_env_CFLAGS_value=
ac_cv_env_CPPFLAGS_set=
ac_cv_env_CPPFLAGS_value=
ac_cv_env_CPP_set=
ac_cv_env_CPP_value=
ac_cv_env_CXXCPP_set=
ac_cv_env_CXXCPP_value=
ac_cv_env_CXXFLAGS_set=
ac_cv_env_CXXFLAGS_value=
ac_cv_env_CXX_set=
ac_cv_env_CXX_value=
ac_cv_env_F77_set=
ac_cv_env_F77_value=
ac_cv_env_FFLAGS_set=
ac_cv_env_FFLAGS_value=
ac_cv_env_LDFLAGS_set=
ac_cv_env_LDFLAGS_value=
ac_cv_env_LIBS_set=
ac_cv_env_LIBS_value=
ac_cv_env_build_alias_set=
ac_cv_env_build_alias_value=
ac_cv_env_host_alias_set=
ac_cv_env_host_alias_value=
ac_cv_env_target_alias_set=
ac_cv_env_target_alias_value=
ac_cv_func__doprnt=no
ac_cv_func_memcmp_working=yes
ac_cv_func_strcasecmp=yes
ac_cv_func_strdup=yes
ac_cv_func_vprintf=yes
ac_cv_header_dlfcn_h=yes
ac_cv_header_inttypes_h=yes
ac_cv_header_limits_h=yes
ac_cv_header_memory_h=yes
ac_cv_header_rpc_rpc_h=yes
ac_cv_header_rpc_xdr_h=yes
ac_cv_header_stdc=yes
ac_cv_header_stdint_h=yes
ac_cv_header_stdlib_h=yes
ac_cv_header_string_h=yes
ac_cv_header_strings_h=yes
ac_cv_header_sys_stat_h=yes
ac_cv_header_sys_types_h=yes
ac_cv_header_unistd_h=yes
ac_cv_host=x86_64-unknown-linux-gnu
ac_cv_lib_m_sqrt=yes
ac_cv_lib_nsl_xdr_float=yes
ac_cv_objext=o
ac_cv_path_EGREP='/bin/grep -E'
ac_cv_path_GREP=/bin/grep
ac_cv_path_install='/usr/bin/install -c'
ac_cv_prog_AWK=mawk
ac_cv_prog_CPP='cc -E'
ac_cv_prog_CXXCPP='g++ -E'
ac_cv_prog_ac_ct_AR=ar
ac_cv_prog_ac_ct_CC=cc
ac_cv_prog_ac_ct_CXX=g++
ac_cv_prog_ac_ct_RANLIB=ranlib
ac_cv_prog_ac_ct_STRIP=strip
ac_cv_prog_cc_c89=
ac_cv_prog_cc_g=yes
ac_cv_prog_cxx_g=yes
ac_cv_prog_make_make_set=yes
ac_cv_sizeof_int=4
ac_cv_sizeof_long_int=8
ac_cv_sizeof_long_long_int=8
ac_cv_struct_tm=time.h
ac_cv_sys_file_offset_bits=no
ac_cv_sys_largefile_CC=no
ac_cv_sys_largefile_source=no
ac_cv_type_bool=no
ac_cv_type_signal=void
ac_cv_type_size_t=yes
ac_cv_type_uid_t=yes
am_cv_CC_dependencies_compiler_type=gcc3
am_cv_CXX_dependencies_compiler_type=gcc3
am_cv_prog_tar_ustar=gnutar
lt_cv_deplibs_check_method=pass_all
lt_cv_file_magic_cmd='$MAGIC_CMD'
lt_cv_file_magic_test_file=
lt_cv_ld_reload_flag=-r
lt_cv_objdir=.libs
lt_cv_path_LD=/usr/bin/ld
lt_cv_path_LDCXX='/usr/bin/ld -m elf_x86_64'
lt_cv_path_NM='/usr/bin/nm -B'
lt_cv_path_SED=/bin/sed
lt_cv_prog_compiler_c_o=yes
lt_cv_prog_compiler_c_o_CXX=yes
lt_cv_prog_compiler_rtti_exceptions=no
lt_cv_prog_gnu_ld=yes
lt_cv_prog_gnu_ldcxx=yes
lt_cv_sys_global_symbol_pipe='sed -n -e '\''s/^.*[ 	]\([ABCDGIRSTW][ABCDGIRSTW]*\)[ 	][ 	]*\([_A-Za-z][_A-Za-z0-9]*\)$/\1 \2 \2/p'\'''
lt_cv_sys_global_symbol_to_c_name_address='sed -n -e '\''s/^: \([^ ]*\) $/  {\"\1\", (lt_ptr) 0},/p'\'' -e '\''s/^[BCDEGRST] \([^ ]*\) \([^ ]*\)$/  {"\2", (lt_ptr) \&\2},/p'\'''
lt_cv_sys_global_symbol_to_cdecl='sed -n -e '\''s/^. .* \(.*\)$/extern int \1;/p'\'''
lt_cv_sys_max_cmd_len=1572864
lt_lt_cv_prog_compiler_c_o='"yes"'
lt_lt_cv_prog_compiler_c_o_CXX='"yes"'
lt_lt_cv_sys_global_symbol_pipe='"sed -n -e '\''s/^.*[ 	]\\([ABCDGIRSTW][ABCDGIRSTW]*\\)[ 	][ 	]*\\([_A-Za-z][_A-Za-z0-9]*\\)\$/\\1 \\2 \\2/p'\''"'
lt_lt_cv_sys_global_symbol_to_c_name_address='"sed -n -e '\''s/^: \\([^ ]*\\) \$/  {\\\"\\1\\\", (lt_ptr) 0},/p'\'' -e '\''s/^[BCDEGRST] \\([^ ]*\\) \\([^ ]*\\)\$/  {\"\\2\", (lt_ptr) \\&\\2},/p'\''"'
lt_lt_cv_sys_global_symbol_to_cdecl='"sed -n -e '\''s/^. .* \\(.*\\)\$/extern int \\1;/p'\''"'

## ----------------- ##
## Output variables. ##
## ----------------- ##

ACLOCAL='${SHELL} /home/liuba/Codes/RunStartUp_July19/HiRE-OPEP_SAXS/xdrfile-1.1b/config/missing --run aclocal-1.9'
AMDEPBACKSLASH='\'
AMDEP_FALSE='#'
AMDEP_TRUE=''
AMTAR='${SHELL} /home/liuba/Codes/RunStartUp_July19/HiRE-OPEP_SAXS/xdrfile-1.1b/config/missing --run tar'
AR='ar'
AS='cc'
ASFLAGS=' -O3 -fomit-frame-pointer -finline-functions -Wall -Wno-unused -malign-double -funroll-all-loops'
AUTOCONF='${SHELL} /home/liuba/Codes/RunStartUp_July19/HiRE-OPEP_SAXS/xdrfile-1.1b/config/missing --run autoconf'
AUTOHEADER='${SHELL} /home/liuba/Codes/RunStartUp_July19/HiRE-OPEP_SAXS/xdrfile-1.1b/config/missing --run autoheader'
AUTOMAKE='${SHELL} /home/liuba/Codes/RunStartUp_July19/HiRE-OPEP_SAXS/xdrfile-1.1b/config/missing --run automake-1.9'
AWK='mawk'
CC='cc'
CCAS='cc'
CCASFLAGS=' -O3 -fomit-frame-pointer -finline-functions -Wall -Wno-unused -malign-double -funroll-all-loops'
CCDEPMODE='depmode=gcc3'
CC_FOR_BUILD='cc'
CFLAGS=' -O3 -fomit-frame-pointer -finline-functions -Wall -Wno-unused -malign-double -funroll-all-loops'
CPP='cc -E'
CPPFLAGS=''
CXX='g++'
CXXCPP='g++ -E'
CXXDEPMODE='depmode=gcc3'
CXXFLAGS='-g -O2'
CYGPATH_W='echo'
DEFS='-DHAVE_CONFIG_H'
DEPDIR='.deps'
DLLTOOL='dlltool'
ECHO='echo'
ECHO_C=''
ECHO_N='-n'
ECHO_T=''
EGREP='/bin/grep -E'
EXEEXT=''
F77=''
F77LINK='$(LINK)'
FFLAGS=''
FLIBS=''
GMXANA_LIBOBJS=''
GMXLIB_LIBOBJS=''
GMX_FORTRAN_FALSE=''
GMX_FORTRAN_TRUE='#'
GREP='/bin/grep'
INCLUDES=''
INSTALL_DATA='${INSTALL} -m 644'
INSTALL_PROGRAM='${INSTALL}'
INSTALL_SCRIPT='${INSTALL}'
INSTALL_STRIP_PROGRAM='${SHELL} $(install_sh) -c -s'
LDFLAGS='  '
LIBOBJS=''
LIBS='-lnsl -lm  '
LIBSUFFIX=''
LIBTOOL='$(SHELL) $(top_builddir)/libtool'
LN_S='ln -s'
LTLIBOBJS=''
MAKEINFO='${SHELL} /home/liuba/Codes/RunStartUp_July19/HiRE-OPEP_SAXS/xdrfile-1.1b/config/missing --run makeinfo'
MDLIB_LIBOBJS=''
MPICC=''
OBJDUMP='objdump'
OBJEXT='o'
PACKAGE='xdrfile'
PACKAGE_BUGREPORT='gmx-users@gromacs.org'
PACKAGE_NAME='xdrfile'
PACKAGE_STRING='xdrfile 1.1b'
PACKAGE_TARNAME='xdrfile'
PACKAGE_URL=''
PACKAGE_VERSION='1.1b'
PATH_SEPARATOR=':'
RANLIB='ranlib'
RPM='rpm'
SED='/bin/sed'
SET_MAKE=''
SHARED_VERSION_INFO='4:0:0'
SHELL='/bin/bash'
STRIP='strip'
VERSION='1.1b'
ac_ct_CC='cc'
ac_ct_CXX='g++'
ac_ct_F77=''
am__fastdepCC_FALSE='#'
am__fastdepCC_TRUE=''
am__fastdepCXX_FALSE='#'
am__fastdepCXX_TRUE=''
am__include='include'
am__leading_dot='.'
am__quote=''
am__tar='tar --format=ustar -chf - "$$tardir"'
am__untar='tar -xf -'
bindir='${exec_prefix}/bin'
build='x86_64-unknown-linux-gnu'
build_alias=''
build_cpu='x86_64'
build_os='linux-gnu'
build_vendor='unknown'
datadir='${datarootdir}'
datarootdir='${prefix}/share'
docdir='${datarootdir}/doc/${PACKAGE_TARNAME}'
dvidir='${docdir}'
exec_prefix='${prefix}'
host='x86_64-unknown-linux-gnu'
host_alias=''
host_cpu='x86_64'
host_os='linux-gnu'
host_vendor='unknown'
htmldir='${docdir}'
includedir='${prefix}/include'
infodir='${datarootdir}/info'
install_sh='/home/liuba/Codes/RunStartUp_July19/HiRE-OPEP_SAXS/xdrfile-1.1b/config/install-sh'
libdir='${exec_prefix}/lib'
libexecdir='${exec_prefix}/libexec'
localedir='${datarootdir}/locale'
localstatedir='${prefix}/var'
mandir='${datarootdir}/man'
mkdir_p='mkdir -p --'
oldincludedir='/usr/include'
pdfdir='${docdir}'
prefix='/usr/local/'
program_transform_name='s,x,x,'
psdir='${docdir}'
sbindir='${exec_prefix}/sbin'
sharedstatedir='${prefix}/com'
sysconfdir='${prefix}/etc'
target_alias=''

## ----------- ##
## confdefs.h. ##
## ----------- ##

/* confdefs.h */
#define PACKAGE_NAME "xdrfile"
#define PACKAGE_TARNAME "xdrfile"
#define PACKAGE_VERSION "1.1b"
#define PACKAGE_STRING "xdrfile 1.1b"
#define PACKAGE_BUGREPORT "gmx-users@gromacs.org"
#define PACKAGE_URL ""
#define PACKAGE "xdrfile"
#define VERSION "1.1b"
#define BUILD_TIME "Wed Dec 18 15:15:17 CET 2019"
#define BUILD_USER "liuba@precision"
#define BUILD_MACHINE "Linux 4.15.0-1027-oem x86_64"
#define F77_OR_C_FUNC(name,NAME) name
#define F77_OR_C_FUNC_(name,NAME) name
#define STDC_HEADERS 1
#define HAVE_SYS_TYPES_H 1
#define HAVE_SYS_STAT_H 1
#define HAVE_STDLIB_H 1
#define HAVE_STRING_H 1
#define HAVE_MEMORY_H 1
#define HAVE_STRINGS_H 1
#define HAVE_INTTYPES_H 1
#define HAVE_STDINT_H 1
#define HAVE_UNISTD_H 1
#define SIZEOF_INT 4
#define SIZEOF_LONG_INT 8
#define SIZEOF_LONG_LONG_INT 8
#define FLOAT_FORMAT_IEEE754 /**/
#define HAVE_DLFCN_H 1
#define HAVE_FSEEKO 1
#define HAVE_LIBM 1
#define HAVE_RPC_RPC_H 1
#define HAVE_RPC_XDR_H 1
#define HAVE_LIBNSL 1
#define RETSIGTYPE void
#define HAVE_VPRINTF 1
#define HAVE_STRCASECMP 1
#define HAVE_STRDUP 1
#define HAVE_LIMITS_H 1
#define HAVE_STRINGS_H 1
#define HAVE_UNISTD_H 1
#define HAVE_UNISTD_H 1

configure: exit 0
